# JRE version: OpenJDK Runtime Environment (17.0.3+7) (build 17.0.3+7-LTS)
# Java VM: OpenJDK 64-Bit Server VM (17.0.3+7-LTS, mixed mode, tiered, compressed oops, compressed class ptrs, g1 gc, windows-amd64)
GC Precious Log:
 CPUs: 12 total, 12 available
 Memory: 16156M
 Large Page Support: Disabled
 NUMA Support: Disabled
 Compressed Oops: Enabled (32-bit)
 Heap Region Size: 1M
 Heap Min Capacity: 8M
 Heap Initial Capacity: 254M
 Heap Max Capacity: 1G
 Pre-touch: Disabled
 Parallel Workers: 10
 Concurrent Workers: 3
 Concurrent Refinement Workers: 10
 Periodic GC: Disabled
Heap:
 garbage-first heap   total 145408K, used 35248K [0x00000000c0000000, 0x0000000100000000)
  region size 1024K, 21 young (21504K), 1 survivors (1024K)
 Metaspace       used 46900K, committed 47232K, reserved 1089536K
  class space    used 6810K, committed 6976K, reserved 1048576K
GC Heap History (20 events):
Event: 0.594 GC heap before
{Heap before GC invocations=0 (full 0):
 garbage-first heap   total 260096K, used 22528K [0x00000000c0000000, 0x0000000100000000)
  region size 1024K, 23 young (23552K), 0 survivors (0K)
 Metaspace       used 16216K, committed 16384K, reserved 1064960K
  class space    used 1936K, committed 2048K, reserved 1048576K
}
Event: 0.598 GC heap after
{Heap after GC invocations=1 (full 0):
 garbage-first heap   total 260096K, used 5733K [0x00000000c0000000, 0x0000000100000000)
  region size 1024K, 3 young (3072K), 3 survivors (3072K)
 Metaspace       used 16216K, committed 16384K, reserved 1064960K
  class space    used 1936K, committed 2048K, reserved 1048576K
}
Event: 0.774 GC heap before
{Heap before GC invocations=1 (full 0):
 garbage-first heap   total 260096K, used 16997K [0x00000000c0000000, 0x0000000100000000)
  region size 1024K, 15 young (15360K), 3 survivors (3072K)
 Metaspace       used 21303K, committed 21504K, reserved 1073152K
  class space    used 2988K, committed 3136K, reserved 1048576K
}
Event: 0.778 GC heap after
{Heap after GC invocations=2 (full 0):
 garbage-first heap   total 260096K, used 7336K [0x00000000c0000000, 0x0000000100000000)
  region size 1024K, 2 young (2048K), 2 survivors (2048K)
 Metaspace       used 21303K, committed 21504K, reserved 1073152K
  class space    used 2988K, committed 3136K, reserved 1048576K
}
Event: 1.048 GC heap before
{Heap before GC invocations=3 (full 0):
 garbage-first heap   total 30720K, used 21672K [0x00000000c0000000, 0x0000000100000000)
  region size 1024K, 17 young (17408K), 2 survivors (2048K)
 Metaspace       used 26262K, committed 26560K, reserved 1073152K
  class space    used 3666K, committed 3840K, reserved 1048576K
}
Event: 1.051 GC heap after
{Heap after GC invocations=4 (full 0):
 garbage-first heap   total 30720K, used 9788K [0x00000000c0000000, 0x0000000100000000)
  region size 1024K, 4 young (4096K), 4 survivors (4096K)
 Metaspace       used 26262K, committed 26560K, reserved 1073152K
  class space    used 3666K, committed 3840K, reserved 1048576K
}
Event: 1.100 GC heap before
{Heap before GC invocations=4 (full 0):
 garbage-first heap   total 30720K, used 10812K [0x00000000c0000000, 0x0000000100000000)
  region size 1024K, 5 young (5120K), 4 survivors (4096K)
 Metaspace       used 26780K, committed 27008K, reserved 1073152K
  class space    used 3727K, committed 3840K, reserved 1048576K
}
Event: 1.103 GC heap after
{Heap after GC invocations=5 (full 0):
 garbage-first heap   total 30720K, used 9800K [0x00000000c0000000, 0x0000000100000000)
  region size 1024K, 1 young (1024K), 1 survivors (1024K)
 Metaspace       used 26780K, committed 27008K, reserved 1073152K
  class space    used 3727K, committed 3840K, reserved 1048576K
}
Event: 2.187 GC heap before
{Heap before GC invocations=5 (full 0):
 garbage-first heap   total 30720K, used 16968K [0x00000000c0000000, 0x0000000100000000)
  region size 1024K, 9 young (9216K), 1 survivors (1024K)
 Metaspace       used 30987K, committed 31232K, reserved 1081344K
  class space    used 4260K, committed 4416K, reserved 1048576K
}
Event: 2.189 GC heap after
{Heap after GC invocations=6 (full 0):
 garbage-first heap   total 30720K, used 11039K [0x00000000c0000000, 0x0000000100000000)
  region size 1024K, 2 young (2048K), 2 survivors (2048K)
 Metaspace       used 30987K, committed 31232K, reserved 1081344K
  class space    used 4260K, committed 4416K, reserved 1048576K
}
Event: 2.477 GC heap before
{Heap before GC invocations=6 (full 0):
 garbage-first heap   total 30720K, used 18207K [0x00000000c0000000, 0x0000000100000000)
  region size 1024K, 10 young (10240K), 2 survivors (2048K)
 Metaspace       used 32743K, committed 33024K, reserved 1081344K
  class space    used 4502K, committed 4608K, reserved 1048576K
}
Event: 2.480 GC heap after
{Heap after GC invocations=7 (full 0):
 garbage-first heap   total 30720K, used 12246K [0x00000000c0000000, 0x0000000100000000)
  region size 1024K, 2 young (2048K), 2 survivors (2048K)
 Metaspace       used 32743K, committed 33024K, reserved 1081344K
  class space    used 4502K, committed 4608K, reserved 1048576K
}
Event: 2.832 GC heap before
{Heap before GC invocations=7 (full 0):
 garbage-first heap   total 30720K, used 20438K [0x00000000c0000000, 0x0000000100000000)
  region size 1024K, 10 young (10240K), 2 survivors (2048K)
 Metaspace       used 34609K, committed 34880K, reserved 1081344K
  class space    used 4798K, committed 4928K, reserved 1048576K
}
Event: 2.834 GC heap after
{Heap after GC invocations=8 (full 0):
 garbage-first heap   total 30720K, used 13143K [0x00000000c0000000, 0x0000000100000000)
  region size 1024K, 1 young (1024K), 1 survivors (1024K)
 Metaspace       used 34609K, committed 34880K, reserved 1081344K
  class space    used 4798K, committed 4928K, reserved 1048576K
}
Event: 2.889 GC heap before
{Heap before GC invocations=8 (full 0):
 garbage-first heap   total 30720K, used 16215K [0x00000000c0000000, 0x0000000100000000)
  region size 1024K, 5 young (5120K), 1 survivors (1024K)
 Metaspace       used 35885K, committed 36096K, reserved 1081344K
  class space    used 5067K, committed 5184K, reserved 1048576K
}
Event: 2.891 GC heap after
{Heap after GC invocations=9 (full 0):
 garbage-first heap   total 30720K, used 13352K [0x00000000c0000000, 0x0000000100000000)
  region size 1024K, 2 young (2048K), 2 survivors (2048K)
 Metaspace       used 35885K, committed 36096K, reserved 1081344K
  class space    used 5067K, committed 5184K, reserved 1048576K
}
Event: 3.052 GC heap before
{Heap before GC invocations=10 (full 0):
 garbage-first heap   total 30720K, used 20520K [0x00000000c0000000, 0x0000000100000000)
  region size 1024K, 10 young (10240K), 2 survivors (2048K)
 Metaspace       used 38999K, committed 39168K, reserved 1089536K
  class space    used 5541K, committed 5632K, reserved 1048576K
}
Event: 3.054 GC heap after
{Heap after GC invocations=11 (full 0):
 garbage-first heap   total 145408K, used 15626K [0x00000000c0000000, 0x0000000100000000)
  region size 1024K, 2 young (2048K), 2 survivors (2048K)
 Metaspace       used 38999K, committed 39168K, reserved 1089536K
  class space    used 5541K, committed 5632K, reserved 1048576K
}
Event: 3.150 GC heap before
{Heap before GC invocations=11 (full 0):
 garbage-first heap   total 145408K, used 19722K [0x00000000c0000000, 0x0000000100000000)
  region size 1024K, 7 young (7168K), 2 survivors (2048K)
 Metaspace       used 41150K, committed 41408K, reserved 1089536K
  class space    used 5839K, committed 6016K, reserved 1048576K
}
Event: 3.152 GC heap after
{Heap after GC invocations=12 (full 0):
 garbage-first heap   total 145408K, used 15792K [0x00000000c0000000, 0x0000000100000000)
  region size 1024K, 1 young (1024K), 1 survivors (1024K)
 Metaspace       used 41150K, committed 41408K, reserved 1089536K
  class space    used 5839K, committed 6016K, reserved 1048576K
}

